Using pre-set license
Built from '2022.3/staging' branch; Version is '2022.3.8f1 (b5eafc012955) revision 11922172'; Using compiler version '192829333'; Build Type 'Release'
OS: 'Windows 11  (10.0.22621) 64bit CoreSingleLanguage' Language: 'es' Physical Memory: 64662 MB
BatchMode: 1, IsHumanControllingUs: 0, StartBugReporterOnCrash: 0, Is64bit: 1, IsPro: 1

COMMAND LINE ARGUMENTS:
C:\Program Files\Unity\Hub\Editor\2022.3.8f1\Editor\Unity.exe
-adb2
-batchMode
-noUpm
-name
AssetImportWorker4
-projectPath
C:/Users/anima/OneDrive/Documentos/GitHub_AbrilParraGómez/Parra_Videojuegos/Parra_Videojuegos
-logFile
Logs/AssetImportWorker4.log
-srvPort
64655
Successfully changed project path to: C:/Users/anima/OneDrive/Documentos/GitHub_AbrilParraGómez/Parra_Videojuegos/Parra_Videojuegos
C:/Users/anima/OneDrive/Documentos/GitHub_AbrilParraGómez/Parra_Videojuegos/Parra_Videojuegos
[UnityMemory] Configuration Parameters - Can be set up in boot.config
    "memorysetup-bucket-allocator-granularity=16"
    "memorysetup-bucket-allocator-bucket-count=8"
    "memorysetup-bucket-allocator-block-size=33554432"
    "memorysetup-bucket-allocator-block-count=8"
    "memorysetup-main-allocator-block-size=16777216"
    "memorysetup-thread-allocator-block-size=16777216"
    "memorysetup-gfx-main-allocator-block-size=16777216"
    "memorysetup-gfx-thread-allocator-block-size=16777216"
    "memorysetup-cache-allocator-block-size=4194304"
    "memorysetup-typetree-allocator-block-size=2097152"
    "memorysetup-profiler-bucket-allocator-granularity=16"
    "memorysetup-profiler-bucket-allocator-bucket-count=8"
    "memorysetup-profiler-bucket-allocator-block-size=33554432"
    "memorysetup-profiler-bucket-allocator-block-count=8"
    "memorysetup-profiler-allocator-block-size=16777216"
    "memorysetup-profiler-editor-allocator-block-size=1048576"
    "memorysetup-temp-allocator-size-main=16777216"
    "memorysetup-job-temp-allocator-block-size=2097152"
    "memorysetup-job-temp-allocator-block-size-background=1048576"
    "memorysetup-job-temp-allocator-reduction-small-platforms=262144"
    "memorysetup-allocator-temp-initial-block-size-main=262144"
    "memorysetup-allocator-temp-initial-block-size-worker=262144"
    "memorysetup-temp-allocator-size-background-worker=32768"
    "memorysetup-temp-allocator-size-job-worker=262144"
    "memorysetup-temp-allocator-size-preload-manager=33554432"
    "memorysetup-temp-allocator-size-nav-mesh-worker=65536"
    "memorysetup-temp-allocator-size-audio-worker=65536"
    "memorysetup-temp-allocator-size-cloud-worker=32768"
    "memorysetup-temp-allocator-size-gi-baking-worker=262144"
    "memorysetup-temp-allocator-size-gfx=262144"
Player connection [37472] Host "[IP] 192.168.5.231 [Port] 0 [Flags] 2 [Guid] 3978088832 [EditorId] 3978088832 [Version] 1048832 [Id] WindowsEditor(7,Anime-04) [Debug] 1 [PackageName] WindowsEditor [ProjectName] Editor" joined multi-casting on [225.0.0.222:54997]...

Player connection [37472] Host "[IP] 192.168.5.231 [Port] 0 [Flags] 2 [Guid] 3978088832 [EditorId] 3978088832 [Version] 1048832 [Id] WindowsEditor(7,Anime-04) [Debug] 1 [PackageName] WindowsEditor [ProjectName] Editor" joined alternative multi-casting on [225.0.0.222:34997]...

[Physics::Module] Initialized MultithreadedJobDispatcher with 31 workers.
Refreshing native plugins compatible for Editor in 9.70 ms, found 3 plugins.
Preloading 0 native plugins for Editor in 0.00 ms.
Initialize engine version: 2022.3.8f1 (b5eafc012955)
[Subsystems] Discovering subsystems at path C:/Program Files/Unity/Hub/Editor/2022.3.8f1/Editor/Data/Resources/UnitySubsystems
[Subsystems] Discovering subsystems at path C:/Users/anima/OneDrive/Documentos/GitHub_AbrilParraGómez/Parra_Videojuegos/Parra_Videojuegos/Assets
GfxDevice: creating device client; threaded=0; jobified=0
Direct3D:
    Version:  Direct3D 11.0 [level 11.1]
    Renderer: NVIDIA GeForce RTX 3090 (ID=0x2204)
    Vendor:   NVIDIA
    VRAM:     24340 MB
    Driver:   31.0.15.2647
Initialize mono
Mono path[0] = 'C:/Program Files/Unity/Hub/Editor/2022.3.8f1/Editor/Data/Managed'
Mono path[1] = 'C:/Program Files/Unity/Hub/Editor/2022.3.8f1/Editor/Data/MonoBleedingEdge/lib/mono/unityjit-win32'
Mono config path = 'C:/Program Files/Unity/Hub/Editor/2022.3.8f1/Editor/Data/MonoBleedingEdge/etc'
Using monoOptions --debugger-agent=transport=dt_socket,embedding=1,server=y,suspend=n,address=127.0.0.1:56428
Begin MonoManager ReloadAssembly
Registering precompiled unity dll's ...
Register platform support module: C:/Program Files/Unity/Hub/Editor/2022.3.8f1/Editor/Data/PlaybackEngines/AndroidPlayer/UnityEditor.Android.Extensions.dll
Register platform support module: C:/Program Files/Unity/Hub/Editor/2022.3.8f1/Editor/Data/PlaybackEngines/WindowsStandaloneSupport/UnityEditor.WindowsStandalone.Extensions.dll
Registered in 0.003935 seconds.
- Loaded All Assemblies, in  0.200 seconds
Native extension for WindowsStandalone target not found
Native extension for Android target not found
Android Extension - Scanning For ADB Devices 163 ms
Mono: successfully reloaded assembly
- Finished resetting the current domain, in  0.347 seconds
Domain Reload Profiling: 547ms
	BeginReloadAssembly (61ms)
		ExecutionOrderSort (0ms)
		DisableScriptedObjects (0ms)
		BackupInstance (0ms)
		ReleaseScriptingObjects (0ms)
		CreateAndSetChildDomain (0ms)
	RebuildCommonClasses (19ms)
	RebuildNativeTypeToScriptingClass (6ms)
	initialDomainReloadingComplete (31ms)
	LoadAllAssembliesAndSetupDomain (83ms)
		LoadAssemblies (60ms)
		RebuildTransferFunctionScriptingTraits (0ms)
		AnalyzeDomain (81ms)
			TypeCache.Refresh (80ms)
				TypeCache.ScanAssembly (72ms)
			ScanForSourceGeneratedMonoScriptInfo (0ms)
			ResolveRequiredComponents (0ms)
	FinalizeReload (348ms)
		ReleaseScriptCaches (0ms)
		RebuildScriptCaches (0ms)
		SetupLoadedEditorAssemblies (316ms)
			LogAssemblyErrors (0ms)
			InitializePlatformSupportModulesInManaged (220ms)
			SetLoadedEditorAssemblies (2ms)
			RefreshPlugins (0ms)
			BeforeProcessingInitializeOnLoad (1ms)
			ProcessInitializeOnLoadAttributes (52ms)
			ProcessInitializeOnLoadMethodAttributes (40ms)
			AfterProcessingInitializeOnLoad (0ms)
			EditorAssembliesLoaded (0ms)
		ExecutionOrderSort2 (0ms)
		AwakeInstancesAfterBackupRestoration (0ms)
========================================================================
Worker process is ready to serve import requests
Begin MonoManager ReloadAssembly
Symbol file LoadedFromMemory is not a mono symbol file
- Loaded All Assemblies, in  0.419 seconds
Refreshing native plugins compatible for Editor in 5.29 ms, found 3 plugins.
Native extension for WindowsStandalone target not found
Native extension for Android target not found
Package Manager log level set to [2]
[Package Manager] Server::EnsureServerProcessIsRunning -- launch failed, reason: Unity was launched with the -noUpm command-line argument
[Package Manager] UpmClient::Send -- Unable to send message (not connected to UPM process).
[Package Manager] Cannot connect to Unity Package Manager local server
Mono: successfully reloaded assembly
- Finished resetting the current domain, in  0.451 seconds
Domain Reload Profiling: 868ms
	BeginReloadAssembly (83ms)
		ExecutionOrderSort (0ms)
		DisableScriptedObjects (3ms)
		BackupInstance (0ms)
		ReleaseScriptingObjects (0ms)
		CreateAndSetChildDomain (15ms)
	RebuildCommonClasses (16ms)
	RebuildNativeTypeToScriptingClass (5ms)
	initialDomainReloadingComplete (21ms)
	LoadAllAssembliesAndSetupDomain (292ms)
		LoadAssemblies (220ms)
		RebuildTransferFunctionScriptingTraits (0ms)
		AnalyzeDomain (119ms)
			TypeCache.Refresh (95ms)
				TypeCache.ScanAssembly (82ms)
			ScanForSourceGeneratedMonoScriptInfo (19ms)
			ResolveRequiredComponents (5ms)
	FinalizeReload (451ms)
		ReleaseScriptCaches (0ms)
		RebuildScriptCaches (0ms)
		SetupLoadedEditorAssemblies (360ms)
			LogAssemblyErrors (0ms)
			InitializePlatformSupportModulesInManaged (14ms)
			SetLoadedEditorAssemblies (2ms)
			RefreshPlugins (0ms)
			BeforeProcessingInitializeOnLoad (50ms)
			ProcessInitializeOnLoadAttributes (200ms)
			ProcessInitializeOnLoadMethodAttributes (91ms)
			AfterProcessingInitializeOnLoad (3ms)
			EditorAssembliesLoaded (0ms)
		ExecutionOrderSort2 (0ms)
		AwakeInstancesAfterBackupRestoration (3ms)
Launched and connected shader compiler UnityShaderCompiler.exe after 0.03 seconds
Refreshing native plugins compatible for Editor in 5.32 ms, found 3 plugins.
Preloading 0 native plugins for Editor in 0.00 ms.
Unloading 5346 Unused Serialized files (Serialized files now loaded: 0)
Unloading 130 unused Assets / (2.1 MB). Loaded Objects now: 5778.
Memory consumption went from 221.3 MB to 219.2 MB.
Total: 6.578800 ms (FindLiveObjects: 0.340200 ms CreateObjectMapping: 0.153100 ms MarkObjects: 5.587500 ms  DeleteObjects: 0.497500 ms)

AssetImportParameters requested are different than current active one (requested -> active):
  custom:container-demuxer-ogg: 62fdf1f143b41e24485cea50d1cbac27 -> 
  custom:video-codec-MediaFoundation-h265: 746d11721c4dcdbdad8f713fa42b33f4 -> 
  custom:video-decoder-ogg-theora: a1e56fd34408186e4bbccfd4996cb3dc -> 
  custom:framework-win-MediaFoundation: 216162199b28c13a410421893ffa2e32 -> 
  custom:container-demuxer-webm: 4f35f7cbe854078d1ac9338744f61a02 -> 
  custom:container-muxer-webm: aa71ff27fc2769a1b78a27578f13a17b -> 
  custom:video-decoder-webm-vp8: 9c59270c3fd7afecdb556c50c9e8de78 -> 
  custom:AudioImporter_EditorPlatform: d09bf68614088b80899f8185d706f6e7 -> 
  custom:video-encoder-webm-vp8: eb34c28f22e8b96e1ab97ce403110664 -> 
  custom:audio-decoder-ogg-vorbis: bf7c407c2cedff20999df2af8eb42d56 -> 
  custom:audio-encoder-webm-vorbis: bf7c407c2cedff20999df2af8eb42d56 -> 
========================================================================
Received Prepare
Refreshing native plugins compatible for Editor in 8.81 ms, found 3 plugins.
Preloading 0 native plugins for Editor in 0.00 ms.
Unloading 20 Unused Serialized files (Serialized files now loaded: 0)
Unloading 21 unused Assets / (2.1 MB). Loaded Objects now: 5778.
Memory consumption went from 104.8 MB to 102.7 MB.
Total: 8.500700 ms (FindLiveObjects: 0.625400 ms CreateObjectMapping: 0.490300 ms MarkObjects: 6.686200 ms  DeleteObjects: 0.698300 ms)

Prepare: number of updated asset objects reloaded= 0
AssetImportParameters requested are different than current active one (requested -> active):
  custom:container-demuxer-ogg: 62fdf1f143b41e24485cea50d1cbac27 -> 
  custom:video-codec-MediaFoundation-h265: 746d11721c4dcdbdad8f713fa42b33f4 -> 
  custom:video-decoder-ogg-theora: a1e56fd34408186e4bbccfd4996cb3dc -> 
  custom:framework-win-MediaFoundation: 216162199b28c13a410421893ffa2e32 -> 
  custom:CustomObjectIndexerAttribute: a3ef5dd2817f97addfee359851a9dba5 -> 
  custom:container-demuxer-webm: 4f35f7cbe854078d1ac9338744f61a02 -> 
  custom:container-muxer-webm: aa71ff27fc2769a1b78a27578f13a17b -> 
  custom:video-decoder-webm-vp8: 9c59270c3fd7afecdb556c50c9e8de78 -> 
  custom:SearchIndexIgnoredProperties: e643bd26f0fe6173181afceb89e7c659 -> 
  custom:AudioImporter_EditorPlatform: d09bf68614088b80899f8185d706f6e7 -> 
  custom:video-encoder-webm-vp8: eb34c28f22e8b96e1ab97ce403110664 -> 
  custom:audio-decoder-ogg-vorbis: bf7c407c2cedff20999df2af8eb42d56 -> 
  custom:audio-encoder-webm-vorbis: bf7c407c2cedff20999df2af8eb42d56 -> 
========================================================================
Received Prepare
Begin MonoManager ReloadAssembly
Symbol file LoadedFromMemory is not a mono symbol file
- Loaded All Assemblies, in  0.309 seconds
Refreshing native plugins compatible for Editor in 6.15 ms, found 3 plugins.
Native extension for WindowsStandalone target not found
Native extension for Android target not found
[Package Manager] Server::EnsureServerProcessIsRunning -- launch failed, reason: Unity was launched with the -noUpm command-line argument
[Package Manager] UpmClient::Send -- Unable to send message (not connected to UPM process).
[Package Manager] Cannot connect to Unity Package Manager local server
Mono: successfully reloaded assembly
- Finished resetting the current domain, in  0.785 seconds
Domain Reload Profiling: 1090ms
	BeginReloadAssembly (105ms)
		ExecutionOrderSort (0ms)
		DisableScriptedObjects (3ms)
		BackupInstance (0ms)
		ReleaseScriptingObjects (0ms)
		CreateAndSetChildDomain (31ms)
	RebuildCommonClasses (17ms)
	RebuildNativeTypeToScriptingClass (6ms)
	initialDomainReloadingComplete (18ms)
	LoadAllAssembliesAndSetupDomain (159ms)
		LoadAssemblies (194ms)
		RebuildTransferFunctionScriptingTraits (0ms)
		AnalyzeDomain (10ms)
			TypeCache.Refresh (4ms)
				TypeCache.ScanAssembly (0ms)
			ScanForSourceGeneratedMonoScriptInfo (0ms)
			ResolveRequiredComponents (5ms)
	FinalizeReload (786ms)
		ReleaseScriptCaches (0ms)
		RebuildScriptCaches (0ms)
		SetupLoadedEditorAssemblies (382ms)
			LogAssemblyErrors (0ms)
			InitializePlatformSupportModulesInManaged (14ms)
			SetLoadedEditorAssemblies (2ms)
			RefreshPlugins (0ms)
			BeforeProcessingInitializeOnLoad (51ms)
			ProcessInitializeOnLoadAttributes (199ms)
			ProcessInitializeOnLoadMethodAttributes (112ms)
			AfterProcessingInitializeOnLoad (4ms)
			EditorAssembliesLoaded (0ms)
		ExecutionOrderSort2 (0ms)
		AwakeInstancesAfterBackupRestoration (4ms)
Refreshing native plugins compatible for Editor in 7.04 ms, found 3 plugins.
Preloading 0 native plugins for Editor in 0.00 ms.
Unloading 5192 Unused Serialized files (Serialized files now loaded: 0)
Unloading 90 unused Assets / (2.1 MB). Loaded Objects now: 5781.
Memory consumption went from 185.4 MB to 183.3 MB.
Total: 6.969400 ms (FindLiveObjects: 0.402800 ms CreateObjectMapping: 0.182100 ms MarkObjects: 5.781800 ms  DeleteObjects: 0.601900 ms)

Prepare: number of updated asset objects reloaded= 0
AssetImportParameters requested are different than current active one (requested -> active):
  custom:container-demuxer-ogg: 62fdf1f143b41e24485cea50d1cbac27 -> 
  custom:video-codec-MediaFoundation-h265: 746d11721c4dcdbdad8f713fa42b33f4 -> 
  custom:video-decoder-ogg-theora: a1e56fd34408186e4bbccfd4996cb3dc -> 
  custom:framework-win-MediaFoundation: 216162199b28c13a410421893ffa2e32 -> 
  custom:CustomObjectIndexerAttribute: a3ef5dd2817f97addfee359851a9dba5 -> 
  custom:container-demuxer-webm: 4f35f7cbe854078d1ac9338744f61a02 -> 
  custom:container-muxer-webm: aa71ff27fc2769a1b78a27578f13a17b -> 
  custom:video-decoder-webm-vp8: 9c59270c3fd7afecdb556c50c9e8de78 -> 
  custom:SearchIndexIgnoredProperties: e643bd26f0fe6173181afceb89e7c659 -> 
  custom:AudioImporter_EditorPlatform: d09bf68614088b80899f8185d706f6e7 -> 
  custom:video-encoder-webm-vp8: eb34c28f22e8b96e1ab97ce403110664 -> 
  custom:audio-decoder-ogg-vorbis: bf7c407c2cedff20999df2af8eb42d56 -> 
  custom:audio-encoder-webm-vorbis: bf7c407c2cedff20999df2af8eb42d56 -> 
========================================================================
Received Import Request.
  Time since last request: 179786.563486 seconds.
  path: Assets/Resources
  artifactKey: Guid(61d03c7a072f495439f13c15f51eacab) Importer(815301076,1909f56bfc062723c751e8b465ee728b)
Start importing Assets/Resources using Guid(61d03c7a072f495439f13c15f51eacab) Importer(815301076,1909f56bfc062723c751e8b465ee728b)  -> (artifact id: '1cf398a1aa0892040c9218a4d853385f') in 0.001748 seconds
Number of updated asset objects reloaded before import = 0
Number of asset objects unloaded after import = 0
========================================================================
Received Import Request.
  Time since last request: 0.615032 seconds.
  path: Assets/_Project
  artifactKey: Guid(b19c0d9124d3d234698eee0640289676) Importer(815301076,1909f56bfc062723c751e8b465ee728b)
Start importing Assets/_Project using Guid(b19c0d9124d3d234698eee0640289676) Importer(815301076,1909f56bfc062723c751e8b465ee728b)  -> (artifact id: '81be09e3893a6606210e5f5fe3a5d013') in 0.000390 seconds
Number of updated asset objects reloaded before import = 0
Number of asset objects unloaded after import = 0
========================================================================
Received Import Request.
  Time since last request: 8.592199 seconds.
  path: Assets/Readme.asset
  artifactKey: Guid(8105016687592461f977c054a80ce2f2) Importer(815301076,1909f56bfc062723c751e8b465ee728b)
Start importing Assets/Readme.asset using Guid(8105016687592461f977c054a80ce2f2) Importer(815301076,1909f56bfc062723c751e8b465ee728b)  -> (artifact id: '908028dee17e9ce51b2f7d26fb4178f3') in 0.001519 seconds
Number of updated asset objects reloaded before import = 0
Number of asset objects unloaded after import = 1
========================================================================
Received Import Request.
  Time since last request: 8.400915 seconds.
  path: Assets/_Project/Prefabs/pCube2.controller
  artifactKey: Guid(b6b9942e10b84584e8b4c094acc54375) Importer(815301076,1909f56bfc062723c751e8b465ee728b)
Start importing Assets/_Project/Prefabs/pCube2.controller using Guid(b6b9942e10b84584e8b4c094acc54375) Importer(815301076,1909f56bfc062723c751e8b465ee728b)  -> (artifact id: '6c0ed2bdfd497bf4b1b8e717dadf5ba4') in 0.007383 seconds
Number of updated asset objects reloaded before import = 0
Number of asset objects unloaded after import = 4
========================================================================
Received Import Request.
  Time since last request: 4.849324 seconds.
  path: Assets/_Project/Prefabs/AnimacionTorreta.anim
  artifactKey: Guid(41c5606a4e1b57d468e8d8bab61763ed) Importer(815301076,1909f56bfc062723c751e8b465ee728b)
Start importing Assets/_Project/Prefabs/AnimacionTorreta.anim using Guid(41c5606a4e1b57d468e8d8bab61763ed) Importer(815301076,1909f56bfc062723c751e8b465ee728b)  -> (artifact id: 'b61080966279688648a0e84e74ffa4c8') in 0.001082 seconds
Number of updated asset objects reloaded before import = 0
Number of asset objects unloaded after import = 1
========================================================================
Received Import Request.
  Time since last request: 18.781622 seconds.
  path: Assets/_Project/Prefabs
  artifactKey: Guid(a68f41c5fee175c4e8f734e38845f3c0) Importer(815301076,1909f56bfc062723c751e8b465ee728b)
Start importing Assets/_Project/Prefabs using Guid(a68f41c5fee175c4e8f734e38845f3c0) Importer(815301076,1909f56bfc062723c751e8b465ee728b)  -> (artifact id: 'be0253aef46e3bc0fcd2b09ccac88409') in 0.000388 seconds
Number of updated asset objects reloaded before import = 0
Number of asset objects unloaded after import = 0
========================================================================
Received Import Request.
  Time since last request: 5.147012 seconds.
  path: Assets/_Project/Art
  artifactKey: Guid(8b0385edf79f6a143ae9b6f0ec804e25) Importer(815301076,1909f56bfc062723c751e8b465ee728b)
Start importing Assets/_Project/Art using Guid(8b0385edf79f6a143ae9b6f0ec804e25) Importer(815301076,1909f56bfc062723c751e8b465ee728b)  -> (artifact id: '238293bb2e880348bb7f128eadd13fae') in 0.000387 seconds
Number of updated asset objects reloaded before import = 0
Number of asset objects unloaded after import = 0
========================================================================
Received Import Request.
  Time since last request: 1.372479 seconds.
  path: Assets/_Project/Art/Modelos
  artifactKey: Guid(492ec6fd5b3e2bf40968c992a098d1ab) Importer(815301076,1909f56bfc062723c751e8b465ee728b)
Start importing Assets/_Project/Art/Modelos using Guid(492ec6fd5b3e2bf40968c992a098d1ab) Importer(815301076,1909f56bfc062723c751e8b465ee728b)  -> (artifact id: '3ac825ef3c40778b602d9e9f13395cde') in 0.000366 seconds
Number of updated asset objects reloaded before import = 0
Number of asset objects unloaded after import = 0
========================================================================
Received Import Request.
  Time since last request: 12.255003 seconds.
  path: Assets/_Project/Art/Modelos/ParticulasfUego
  artifactKey: Guid(a44a0728597882c42a65855455dd95fb) Importer(815301076,1909f56bfc062723c751e8b465ee728b)
Start importing Assets/_Project/Art/Modelos/ParticulasfUego using Guid(a44a0728597882c42a65855455dd95fb) Importer(815301076,1909f56bfc062723c751e8b465ee728b)  -> (artifact id: 'ed3e08f27da3248059cd8d9a7eaebc15') in 0.000410 seconds
Number of updated asset objects reloaded before import = 0
Number of asset objects unloaded after import = 0
========================================================================
Received Import Request.
  Time since last request: 11.450661 seconds.
  path: Assets/_Project/Art/Modelos/ParticulasfUego/Fuego.mat
  artifactKey: Guid(77fcbb1b465f5e9469f1d20d4d314252) Importer(815301076,1909f56bfc062723c751e8b465ee728b)
Start importing Assets/_Project/Art/Modelos/ParticulasfUego/Fuego.mat using Guid(77fcbb1b465f5e9469f1d20d4d314252) Importer(815301076,1909f56bfc062723c751e8b465ee728b)  -> (artifact id: '58d029b76afc0598e45a2b2d4121fadf') in 0.134262 seconds
Number of updated asset objects reloaded before import = 0
Number of asset objects unloaded after import = 1
========================================================================
Received Import Request.
  Time since last request: 53.344833 seconds.
  path: Assets/_Project/Art/Modelos/Prop_Torreta02/Torreta02_Textura/1001_Base_color.png
  artifactKey: Guid(529b013ca0a0eb14cb92902cd81d59c9) Importer(815301076,1909f56bfc062723c751e8b465ee728b)
Start importing Assets/_Project/Art/Modelos/Prop_Torreta02/Torreta02_Textura/1001_Base_color.png using Guid(529b013ca0a0eb14cb92902cd81d59c9) Importer(815301076,1909f56bfc062723c751e8b465ee728b)  -> (artifact id: '619599df3710435b2edc98ac1becff9e') in 0.023639 seconds
Number of updated asset objects reloaded before import = 0
Number of asset objects unloaded after import = 2
========================================================================
Received Import Request.
  Time since last request: 0.000012 seconds.
  path: Assets/_Project/Art/Modelos/TorreDeDefensa/Torre_Texturas/1001_Height.png
  artifactKey: Guid(a80b35d04610efa4bb33dc20d5361b93) Importer(815301076,1909f56bfc062723c751e8b465ee728b)
Start importing Assets/_Project/Art/Modelos/TorreDeDefensa/Torre_Texturas/1001_Height.png using Guid(a80b35d04610efa4bb33dc20d5361b93) Importer(815301076,1909f56bfc062723c751e8b465ee728b)  -> (artifact id: 'e3cf9db7942d4144e3945103b0688f10') in 0.013334 seconds
Number of updated asset objects reloaded before import = 0
Number of asset objects unloaded after import = 2
========================================================================
Received Import Request.
  Time since last request: 0.000015 seconds.
  path: Assets/_Project/Art/Modelos/Prop_Caja/Caja_Texturas/1001_Base_color.png
  artifactKey: Guid(e3e9b9c0343230041bb2c8e85dffdb76) Importer(815301076,1909f56bfc062723c751e8b465ee728b)
Start importing Assets/_Project/Art/Modelos/Prop_Caja/Caja_Texturas/1001_Base_color.png using Guid(e3e9b9c0343230041bb2c8e85dffdb76) Importer(815301076,1909f56bfc062723c751e8b465ee728b)  -> (artifact id: 'f1bb67e0415d34ec4d687398851a165f') in 0.010830 seconds
Number of updated asset objects reloaded before import = 0
Number of asset objects unloaded after import = 2
========================================================================
Received Import Request.
  Time since last request: 0.000013 seconds.
  path: Assets/_Project/Art/Modelos/Torre P/texturas/1001_Base_color.png
  artifactKey: Guid(d4c91ba23fcd80948a512c60f0888791) Importer(815301076,1909f56bfc062723c751e8b465ee728b)
Start importing Assets/_Project/Art/Modelos/Torre P/texturas/1001_Base_color.png using Guid(d4c91ba23fcd80948a512c60f0888791) Importer(815301076,1909f56bfc062723c751e8b465ee728b)  -> (artifact id: '1a8ae9dc722c9e3b7239a82f7d861a3e') in 0.015911 seconds
Number of updated asset objects reloaded before import = 0
Number of asset objects unloaded after import = 2
========================================================================
Received Import Request.
  Time since last request: 0.000012 seconds.
  path: Assets/_Project/Art/Modelos/TorreDeDefensa/Torre_Texturas/1001_Base_color.png
  artifactKey: Guid(0dcf62a487f7a8b4e9906c6806d99e4d) Importer(815301076,1909f56bfc062723c751e8b465ee728b)
Start importing Assets/_Project/Art/Modelos/TorreDeDefensa/Torre_Texturas/1001_Base_color.png using Guid(0dcf62a487f7a8b4e9906c6806d99e4d) Importer(815301076,1909f56bfc062723c751e8b465ee728b)  -> (artifact id: '04d878dfe6fa7f0700262c6b084c19f9') in 0.012215 seconds
Number of updated asset objects reloaded before import = 0
Number of asset objects unloaded after import = 2
========================================================================
Received Import Request.
  Time since last request: 15.901650 seconds.
  path: Assets/_Project/Art/Modelos/ParticulasfUego/Flames Blanco y Negro.png
  artifactKey: Guid(be9c023d723c5a14792da2534bafb0aa) Importer(815301076,1909f56bfc062723c751e8b465ee728b)
Start importing Assets/_Project/Art/Modelos/ParticulasfUego/Flames Blanco y Negro.png using Guid(be9c023d723c5a14792da2534bafb0aa) Importer(815301076,1909f56bfc062723c751e8b465ee728b)  -> (artifact id: '6817fcda13db4724ee34ad0bea1e4018') in 0.011773 seconds
Number of updated asset objects reloaded before import = 0
Number of asset objects unloaded after import = 2
========================================================================
Received Import Request.
  Time since last request: 5.218996 seconds.
  path: Assets/_Project/Art/Modelos/Torre P/texturas/1001_Height.png
  artifactKey: Guid(b94c2b2ef6dd527489025af02bbe4dcb) Importer(815301076,1909f56bfc062723c751e8b465ee728b)
Start importing Assets/_Project/Art/Modelos/Torre P/texturas/1001_Height.png using Guid(b94c2b2ef6dd527489025af02bbe4dcb) Importer(815301076,1909f56bfc062723c751e8b465ee728b)  -> (artifact id: 'a1a255ced106410d6b819a1434013cbb') in 0.008701 seconds
Number of updated asset objects reloaded before import = 0
Number of asset objects unloaded after import = 2
========================================================================
Received Import Request.
  Time since last request: 0.122139 seconds.
  path: Assets/_Project/Art/Modelos/TorreDeDefensa/Torre_Texturas/1001_Metallic.png
  artifactKey: Guid(aba607f4c847dc5448bf86eb5a162c29) Importer(815301076,1909f56bfc062723c751e8b465ee728b)
Start importing Assets/_Project/Art/Modelos/TorreDeDefensa/Torre_Texturas/1001_Metallic.png using Guid(aba607f4c847dc5448bf86eb5a162c29) Importer(815301076,1909f56bfc062723c751e8b465ee728b)  -> (artifact id: 'c8881bd03c30019d6e04bb4880493012') in 0.008755 seconds
Number of updated asset objects reloaded before import = 0
Number of asset objects unloaded after import = 2
========================================================================
Received Import Request.
  Time since last request: 0.442211 seconds.
  path: Assets/_Project/Art/Modelos/Prop_Torreta02/Torreta02_Textura/1001_Metallic.png
  artifactKey: Guid(63a8c6d1e500f8a47ace91c19a11859d) Importer(815301076,1909f56bfc062723c751e8b465ee728b)
Start importing Assets/_Project/Art/Modelos/Prop_Torreta02/Torreta02_Textura/1001_Metallic.png using Guid(63a8c6d1e500f8a47ace91c19a11859d) Importer(815301076,1909f56bfc062723c751e8b465ee728b)  -> (artifact id: '221ff7cc45af834267dbaf3211d2308f') in 0.011815 seconds
Number of updated asset objects reloaded before import = 0
Number of asset objects unloaded after import = 2
========================================================================
Received Import Request.
  Time since last request: 0.087563 seconds.
  path: Assets/_Project/Art/Modelos/Torre P/texturas/1001_Metallic.png
  artifactKey: Guid(12cf5c1b7ea29f946a2babbcf7b06195) Importer(815301076,1909f56bfc062723c751e8b465ee728b)
Start importing Assets/_Project/Art/Modelos/Torre P/texturas/1001_Metallic.png using Guid(12cf5c1b7ea29f946a2babbcf7b06195) Importer(815301076,1909f56bfc062723c751e8b465ee728b)  -> (artifact id: 'e715cc4164f5564cc31d485244111e68') in 0.007647 seconds
Number of updated asset objects reloaded before import = 0
Number of asset objects unloaded after import = 2
========================================================================
Received Import Request.
  Time since last request: 0.124383 seconds.
  path: Assets/_Project/Art/Modelos/Prop_Caja/Caja_Texturas/1001_Normal.png
  artifactKey: Guid(bcd9a870a0e55354a9acbff236fff904) Importer(815301076,1909f56bfc062723c751e8b465ee728b)
Start importing Assets/_Project/Art/Modelos/Prop_Caja/Caja_Texturas/1001_Normal.png using Guid(bcd9a870a0e55354a9acbff236fff904) Importer(815301076,1909f56bfc062723c751e8b465ee728b)  -> (artifact id: '535ad7369fdecd69ee2b83bca3f47122') in 0.012471 seconds
Number of updated asset objects reloaded before import = 0
Number of asset objects unloaded after import = 2
========================================================================
Received Import Request.
  Time since last request: 0.407251 seconds.
  path: Assets/_Project/Art/Modelos/Prop_Torreta01/Torrete_Textura/1001_Normal.png
  artifactKey: Guid(d0abe9edd9f9a2a4c9def4d31143ff4f) Importer(815301076,1909f56bfc062723c751e8b465ee728b)
Start importing Assets/_Project/Art/Modelos/Prop_Torreta01/Torrete_Textura/1001_Normal.png using Guid(d0abe9edd9f9a2a4c9def4d31143ff4f) Importer(815301076,1909f56bfc062723c751e8b465ee728b)  -> (artifact id: '411937e5969eb7e923be9376d4a77239') in 0.012671 seconds
Number of updated asset objects reloaded before import = 0
Number of asset objects unloaded after import = 2
========================================================================
Received Import Request.
  Time since last request: 0.023786 seconds.
  path: Assets/_Project/Art/Modelos/Prop_Torreta02/Torreta02_Textura/1002_Base_color.png
  artifactKey: Guid(cafd2e4bfffb8734c9615a278b568c4f) Importer(815301076,1909f56bfc062723c751e8b465ee728b)
Start importing Assets/_Project/Art/Modelos/Prop_Torreta02/Torreta02_Textura/1002_Base_color.png using Guid(cafd2e4bfffb8734c9615a278b568c4f) Importer(815301076,1909f56bfc062723c751e8b465ee728b)  -> (artifact id: '5cd3294456f487489d1b5c394c3ed466') in 0.009368 seconds
Number of updated asset objects reloaded before import = 0
Number of asset objects unloaded after import = 2
========================================================================
Received Import Request.
  Time since last request: 0.025146 seconds.
  path: Assets/_Project/Art/Modelos/Prop_Torreta01/Torrete_Textura/1002_Base_color.png
  artifactKey: Guid(a64496287a0a955478dc2090aa7a75e7) Importer(815301076,1909f56bfc062723c751e8b465ee728b)
Start importing Assets/_Project/Art/Modelos/Prop_Torreta01/Torrete_Textura/1002_Base_color.png using Guid(a64496287a0a955478dc2090aa7a75e7) Importer(815301076,1909f56bfc062723c751e8b465ee728b)  -> (artifact id: '5ffaeda36c127c738b66706322a3c730') in 0.010575 seconds
Number of updated asset objects reloaded before import = 0
Number of asset objects unloaded after import = 2
========================================================================
Received Import Request.
  Time since last request: 0.023369 seconds.
  path: Assets/_Project/Art/Modelos/Prop_Torreta01/Torrete_Textura/1002_Height.png
  artifactKey: Guid(84c1cd0965e212d4bbe5474740eb060c) Importer(815301076,1909f56bfc062723c751e8b465ee728b)
Start importing Assets/_Project/Art/Modelos/Prop_Torreta01/Torrete_Textura/1002_Height.png using Guid(84c1cd0965e212d4bbe5474740eb060c) Importer(815301076,1909f56bfc062723c751e8b465ee728b)  -> (artifact id: '2200b455bed7c0befa0c47d5c2d118f9') in 0.010371 seconds
Number of updated asset objects reloaded before import = 0
Number of asset objects unloaded after import = 2
========================================================================
Received Import Request.
  Time since last request: 1.591222 seconds.
  path: Assets/_Project/Art/Modelos/Prop_Torreta01/Torrete_Textura/1002_Metallic.png
  artifactKey: Guid(f3d8182761f7f4b4598bc939276e6c4b) Importer(815301076,1909f56bfc062723c751e8b465ee728b)
Start importing Assets/_Project/Art/Modelos/Prop_Torreta01/Torrete_Textura/1002_Metallic.png using Guid(f3d8182761f7f4b4598bc939276e6c4b) Importer(815301076,1909f56bfc062723c751e8b465ee728b)  -> (artifact id: '6597c3993bafc30fcbd0052ec3709040') in 0.008974 seconds
Number of updated asset objects reloaded before import = 0
Number of asset objects unloaded after import = 2
========================================================================
Received Import Request.
  Time since last request: 0.586379 seconds.
  path: Assets/_Project/Art/Modelos/Prop_Torreta02/Torreta02_Textura/1002_Metallic.png
  artifactKey: Guid(227985ed97e6e9543a4e9115bdb73744) Importer(815301076,1909f56bfc062723c751e8b465ee728b)
Start importing Assets/_Project/Art/Modelos/Prop_Torreta02/Torreta02_Textura/1002_Metallic.png using Guid(227985ed97e6e9543a4e9115bdb73744) Importer(815301076,1909f56bfc062723c751e8b465ee728b)  -> (artifact id: '714ebf36adaa0eb15a486a37aa87aec6') in 0.008454 seconds
Number of updated asset objects reloaded before import = 0
Number of asset objects unloaded after import = 2
========================================================================
Received Import Request.
  Time since last request: 0.026966 seconds.
  path: Assets/_Project/Art/Modelos/TorreDeDefensa/Torre_Texturas/1002_Normal.png
  artifactKey: Guid(d0c9ad84e3c60b04baf10f0e77277ae7) Importer(815301076,1909f56bfc062723c751e8b465ee728b)
Start importing Assets/_Project/Art/Modelos/TorreDeDefensa/Torre_Texturas/1002_Normal.png using Guid(d0c9ad84e3c60b04baf10f0e77277ae7) Importer(815301076,1909f56bfc062723c751e8b465ee728b)  -> (artifact id: '623d503e00a69b2cf03d8bb77bea43eb') in 0.007892 seconds
Number of updated asset objects reloaded before import = 0
Number of asset objects unloaded after import = 2
========================================================================
Received Import Request.
  Time since last request: 0.108313 seconds.
  path: Assets/_Project/Art/Modelos/TorreDeDefensa/Torre_Texturas/1003_Base_color.png
  artifactKey: Guid(0a86a13b8fa74394198b47a110ee24f1) Importer(815301076,1909f56bfc062723c751e8b465ee728b)
Start importing Assets/_Project/Art/Modelos/TorreDeDefensa/Torre_Texturas/1003_Base_color.png using Guid(0a86a13b8fa74394198b47a110ee24f1) Importer(815301076,1909f56bfc062723c751e8b465ee728b)  -> (artifact id: '9061f921b30969d87199ccb4453fc544') in 0.007278 seconds
Number of updated asset objects reloaded before import = 0
Number of asset objects unloaded after import = 2
========================================================================
Received Import Request.
  Time since last request: 0.372843 seconds.
  path: Assets/_Project/Art/Modelos/TorreDeDefensa/Torre_Texturas/1003_Metallic.png
  artifactKey: Guid(d21a8680a3d3e8e4c9c530d3a8e79f17) Importer(815301076,1909f56bfc062723c751e8b465ee728b)
Start importing Assets/_Project/Art/Modelos/TorreDeDefensa/Torre_Texturas/1003_Metallic.png using Guid(d21a8680a3d3e8e4c9c530d3a8e79f17) Importer(815301076,1909f56bfc062723c751e8b465ee728b)  -> (artifact id: '2be320c8161a19ed919d6e03b4bb7227') in 0.008940 seconds
Number of updated asset objects reloaded before import = 0
Number of asset objects unloaded after import = 2
========================================================================
Received Import Request.
  Time since last request: 0.027012 seconds.
  path: Assets/_Project/Art/Modelos/Prop_Lampara/Abril Parra Gómez_Concept Lámpara (1).jpg
  artifactKey: Guid(96e13ef393498984bb97192200da32bd) Importer(815301076,1909f56bfc062723c751e8b465ee728b)
Start importing Assets/_Project/Art/Modelos/Prop_Lampara/Abril Parra Gómez_Concept Lámpara (1).jpg using Guid(96e13ef393498984bb97192200da32bd) Importer(815301076,1909f56bfc062723c751e8b465ee728b)  -> (artifact id: '2e1a16731b3fc8f83a0c98a75e3277e2') in 0.008037 seconds
Number of updated asset objects reloaded before import = 0
Number of asset objects unloaded after import = 2
========================================================================
Received Import Request.
  Time since last request: 0.011846 seconds.
  path: Assets/_Project/Art/Modelos/Prop_Piso/Abril Parra_Piso 2.png
  artifactKey: Guid(2d66ac634553cfd42bf5b807b8e7a328) Importer(815301076,1909f56bfc062723c751e8b465ee728b)
Start importing Assets/_Project/Art/Modelos/Prop_Piso/Abril Parra_Piso 2.png using Guid(2d66ac634553cfd42bf5b807b8e7a328) Importer(815301076,1909f56bfc062723c751e8b465ee728b)  -> (artifact id: '727ae2cb8661d3014c7674efbbe75575') in 0.006660 seconds
Number of updated asset objects reloaded before import = 0
Number of asset objects unloaded after import = 2
========================================================================
Received Import Request.
  Time since last request: 0.318048 seconds.
  path: Assets/TextMesh Pro/Examples & Extras/Resources/Fonts & Materials/Bangers SDF.asset
  artifactKey: Guid(125cb55b44b24c4393181402bc6200e6) Importer(815301076,1909f56bfc062723c751e8b465ee728b)
Start importing Assets/TextMesh Pro/Examples & Extras/Resources/Fonts & Materials/Bangers SDF.asset using Guid(125cb55b44b24c4393181402bc6200e6) Importer(815301076,1909f56bfc062723c751e8b465ee728b)  -> (artifact id: 'df2c9131e666b33d5821a6f9d1c71470') in 0.018651 seconds
Number of updated asset objects reloaded before import = 0
Number of asset objects unloaded after import = 6
========================================================================
Received Import Request.
  Time since last request: 0.016166 seconds.
  path: Assets/TextMesh Pro/Examples & Extras/Sprites/Default Sprites.png
  artifactKey: Guid(a0fc465d6cf04254a2938578735e2383) Importer(815301076,1909f56bfc062723c751e8b465ee728b)
Start importing Assets/TextMesh Pro/Examples & Extras/Sprites/Default Sprites.png using Guid(a0fc465d6cf04254a2938578735e2383) Importer(815301076,1909f56bfc062723c751e8b465ee728b)  -> (artifact id: '17b8e6135fd320813d9ddc6bdf3621b9') in 0.008343 seconds
Number of updated asset objects reloaded before import = 0
Number of asset objects unloaded after import = 2
========================================================================
Received Import Request.
  Time since last request: 0.331809 seconds.
  path: Assets/TextMesh Pro/Examples & Extras/Textures/Floor Cement.jpg
  artifactKey: Guid(283f897e4925411ebbaa758b4cb13fc2) Importer(815301076,1909f56bfc062723c751e8b465ee728b)
Start importing Assets/TextMesh Pro/Examples & Extras/Textures/Floor Cement.jpg using Guid(283f897e4925411ebbaa758b4cb13fc2) Importer(815301076,1909f56bfc062723c751e8b465ee728b)  -> (artifact id: 'aeb8f8471ed99cfe695063ff834c37c7') in 0.007197 seconds
Number of updated asset objects reloaded before import = 0
Number of asset objects unloaded after import = 2
========================================================================
Received Import Request.
  Time since last request: 0.017162 seconds.
  path: Assets/TextMesh Pro/Examples & Extras/Fonts/Roboto-Bold.ttf
  artifactKey: Guid(4beb055f07aaff244873dec698d0363e) Importer(815301076,1909f56bfc062723c751e8b465ee728b)
Start importing Assets/TextMesh Pro/Examples & Extras/Fonts/Roboto-Bold.ttf using Guid(4beb055f07aaff244873dec698d0363e) Importer(815301076,1909f56bfc062723c751e8b465ee728b)  -> (artifact id: '14c221c04bf0b351be787a331f1d523f') in 0.007891 seconds
Number of updated asset objects reloaded before import = 0
Number of asset objects unloaded after import = 4
========================================================================
Received Import Request.
  Time since last request: 0.136500 seconds.
  path: Assets/TextMesh Pro/Examples & Extras/Fonts/Bangers.ttf
  artifactKey: Guid(5dd49b3eacc540408c98eee0de38e0f1) Importer(815301076,1909f56bfc062723c751e8b465ee728b)
Start importing Assets/TextMesh Pro/Examples & Extras/Fonts/Bangers.ttf using Guid(5dd49b3eacc540408c98eee0de38e0f1) Importer(815301076,1909f56bfc062723c751e8b465ee728b)  -> (artifact id: '2a2f5a0046fce9b78fb8e074dea88dee') in 0.007179 seconds
Number of updated asset objects reloaded before import = 0
Number of asset objects unloaded after import = 4
========================================================================
Received Import Request.
  Time since last request: 147.947907 seconds.
  path: Assets/_Project/Art/Modelos/ParticulasfUego/fuego nuevo.png
  artifactKey: Guid(fa4178db3a5cf354ba8de8742a78064b) Importer(815301076,1909f56bfc062723c751e8b465ee728b)
Start importing Assets/_Project/Art/Modelos/ParticulasfUego/fuego nuevo.png using Guid(fa4178db3a5cf354ba8de8742a78064b) Importer(815301076,1909f56bfc062723c751e8b465ee728b)  -> (artifact id: '64c05d7888cdb4beeeabf3ba0c305fbd') in 0.018009 seconds
Number of updated asset objects reloaded before import = 0
Number of asset objects unloaded after import = 2
========================================================================
Received Import Request.
  Time since last request: 21.589239 seconds.
  path: Assets/TextMesh Pro/Examples & Extras/Fonts/Electronic Highway Sign.TTF
  artifactKey: Guid(8a2b9e2a607dd2143b58c44bc32410b4) Importer(815301076,1909f56bfc062723c751e8b465ee728b)
Start importing Assets/TextMesh Pro/Examples & Extras/Fonts/Electronic Highway Sign.TTF using Guid(8a2b9e2a607dd2143b58c44bc32410b4) Importer(815301076,1909f56bfc062723c751e8b465ee728b)  -> (artifact id: '982b6653d703c18de0e519e4e39e98c4') in 0.010710 seconds
Number of updated asset objects reloaded before import = 0
Number of asset objects unloaded after import = 4
========================================================================
Received Import Request.
  Time since last request: 3.217621 seconds.
  path: Assets/TextMesh Pro/Fonts/LiberationSans.ttf
  artifactKey: Guid(e3265ab4bf004d28a9537516768c1c75) Importer(815301076,1909f56bfc062723c751e8b465ee728b)
Start importing Assets/TextMesh Pro/Fonts/LiberationSans.ttf using Guid(e3265ab4bf004d28a9537516768c1c75) Importer(815301076,1909f56bfc062723c751e8b465ee728b)  -> (artifact id: '8756f7c291147a75e95d0f4a0d9e7e56') in 0.008043 seconds
Number of updated asset objects reloaded before import = 0
Number of asset objects unloaded after import = 4
========================================================================
Received Import Request.
  Time since last request: 0.027673 seconds.
  path: Assets/TextMesh Pro/Examples & Extras/Textures/Fruit Jelly (B&W).jpg
  artifactKey: Guid(1cdc5b506b1a4a33a53c30669ced1f51) Importer(815301076,1909f56bfc062723c751e8b465ee728b)
Start importing Assets/TextMesh Pro/Examples & Extras/Textures/Fruit Jelly (B&W).jpg using Guid(1cdc5b506b1a4a33a53c30669ced1f51) Importer(815301076,1909f56bfc062723c751e8b465ee728b)  -> (artifact id: '7dc0498f119bb75beb881098914c87ae') in 0.007412 seconds
Number of updated asset objects reloaded before import = 0
Number of asset objects unloaded after import = 2
========================================================================
Received Import Request.
  Time since last request: 0.372722 seconds.
  path: Assets/TextMesh Pro/Examples & Extras/Textures/Gradient Diagonal (Color).jpg
  artifactKey: Guid(2ce5c55e85304b819a1826ecbc839aa5) Importer(815301076,1909f56bfc062723c751e8b465ee728b)
Start importing Assets/TextMesh Pro/Examples & Extras/Textures/Gradient Diagonal (Color).jpg using Guid(2ce5c55e85304b819a1826ecbc839aa5) Importer(815301076,1909f56bfc062723c751e8b465ee728b)  -> (artifact id: '0f6a4572f98f59990d0cda5c898c490e') in 0.015646 seconds
Number of updated asset objects reloaded before import = 0
Number of asset objects unloaded after import = 2
========================================================================
Received Import Request.
  Time since last request: 0.000429 seconds.
  path: Assets/TextMesh Pro/Examples & Extras/Textures/Gradient Horizontal (Color).jpg
  artifactKey: Guid(6eb184de103d4b3f812b38561065192f) Importer(815301076,1909f56bfc062723c751e8b465ee728b)
Start importing Assets/TextMesh Pro/Examples & Extras/Textures/Gradient Horizontal (Color).jpg using Guid(6eb184de103d4b3f812b38561065192f) Importer(815301076,1909f56bfc062723c751e8b465ee728b)  -> (artifact id: '964dc80225173c25e7611cfd06c3d6a1') in 0.005750 seconds
Number of updated asset objects reloaded before import = 0
Number of asset objects unloaded after import = 2
========================================================================
Received Import Request.
  Time since last request: 0.049829 seconds.
  path: Assets/_Project/Art/Modelos/Prop_Lampara/Lampara_Textura/lambert1_Base_color_1001.png
  artifactKey: Guid(9e0e0c9132a39cd4bbf13d6c03123b78) Importer(815301076,1909f56bfc062723c751e8b465ee728b)
Start importing Assets/_Project/Art/Modelos/Prop_Lampara/Lampara_Textura/lambert1_Base_color_1001.png using Guid(9e0e0c9132a39cd4bbf13d6c03123b78) Importer(815301076,1909f56bfc062723c751e8b465ee728b)  -> (artifact id: '906d03408f3d4366249a744c97c3e47c') in 0.007211 seconds
Number of updated asset objects reloaded before import = 0
Number of asset objects unloaded after import = 2
========================================================================
Received Import Request.
  Time since last request: 165.014878 seconds.
  path: Assets/_Project/Art/Modelos/ParticulasfUego/Fuego.mat
  artifactKey: Guid(77fcbb1b465f5e9469f1d20d4d314252) Importer(815301076,1909f56bfc062723c751e8b465ee728b)
Start importing Assets/_Project/Art/Modelos/ParticulasfUego/Fuego.mat using Guid(77fcbb1b465f5e9469f1d20d4d314252) Importer(815301076,1909f56bfc062723c751e8b465ee728b)  -> (artifact id: 'a0320dd3f797fffc4df6a87c0c10b786') in 0.019596 seconds
Number of updated asset objects reloaded before import = 0
Number of asset objects unloaded after import = 2
========================================================================
Received Prepare
Begin MonoManager ReloadAssembly
Symbol file LoadedFromMemory is not a mono symbol file
- Loaded All Assemblies, in  0.312 seconds
Refreshing native plugins compatible for Editor in 5.76 ms, found 3 plugins.
Native extension for WindowsStandalone target not found
Native extension for Android target not found
[Package Manager] Server::EnsureServerProcessIsRunning -- launch failed, reason: Unity was launched with the -noUpm command-line argument
[Package Manager] UpmClient::Send -- Unable to send message (not connected to UPM process).
[Package Manager] Cannot connect to Unity Package Manager local server
Mono: successfully reloaded assembly
- Finished resetting the current domain, in  1.374 seconds
Domain Reload Profiling: 1683ms
	BeginReloadAssembly (108ms)
		ExecutionOrderSort (0ms)
		DisableScriptedObjects (3ms)
		BackupInstance (0ms)
		ReleaseScriptingObjects (0ms)
		CreateAndSetChildDomain (38ms)
	RebuildCommonClasses (18ms)
	RebuildNativeTypeToScriptingClass (7ms)
	initialDomainReloadingComplete (17ms)
	LoadAllAssembliesAndSetupDomain (160ms)
		LoadAssemblies (193ms)
		RebuildTransferFunctionScriptingTraits (0ms)
		AnalyzeDomain (10ms)
			TypeCache.Refresh (4ms)
				TypeCache.ScanAssembly (0ms)
			ScanForSourceGeneratedMonoScriptInfo (0ms)
			ResolveRequiredComponents (5ms)
	FinalizeReload (1374ms)
		ReleaseScriptCaches (0ms)
		RebuildScriptCaches (0ms)
		SetupLoadedEditorAssemblies (423ms)
			LogAssemblyErrors (0ms)
			InitializePlatformSupportModulesInManaged (17ms)
			SetLoadedEditorAssemblies (3ms)
			RefreshPlugins (0ms)
			BeforeProcessingInitializeOnLoad (59ms)
			ProcessInitializeOnLoadAttributes (220ms)
			ProcessInitializeOnLoadMethodAttributes (120ms)
			AfterProcessingInitializeOnLoad (4ms)
			EditorAssembliesLoaded (0ms)
		ExecutionOrderSort2 (0ms)
		AwakeInstancesAfterBackupRestoration (4ms)
Refreshing native plugins compatible for Editor in 6.41 ms, found 3 plugins.
Preloading 0 native plugins for Editor in 0.00 ms.
Unloading 5192 Unused Serialized files (Serialized files now loaded: 0)
Unloading 90 unused Assets / (2.1 MB). Loaded Objects now: 5835.
Memory consumption went from 186.0 MB to 183.9 MB.
Total: 7.165400 ms (FindLiveObjects: 0.389500 ms CreateObjectMapping: 0.269300 ms MarkObjects: 5.923500 ms  DeleteObjects: 0.582700 ms)

Prepare: number of updated asset objects reloaded= 0
AssetImportParameters requested are different than current active one (requested -> active):
  custom:container-demuxer-ogg: 62fdf1f143b41e24485cea50d1cbac27 -> 
  custom:video-codec-MediaFoundation-h265: 746d11721c4dcdbdad8f713fa42b33f4 -> 
  custom:video-decoder-ogg-theora: a1e56fd34408186e4bbccfd4996cb3dc -> 
  custom:framework-win-MediaFoundation: 216162199b28c13a410421893ffa2e32 -> 
  custom:CustomObjectIndexerAttribute: a3ef5dd2817f97addfee359851a9dba5 -> 
  custom:container-demuxer-webm: 4f35f7cbe854078d1ac9338744f61a02 -> 
  custom:container-muxer-webm: aa71ff27fc2769a1b78a27578f13a17b -> 
  custom:video-decoder-webm-vp8: 9c59270c3fd7afecdb556c50c9e8de78 -> 
  custom:SearchIndexIgnoredProperties: e643bd26f0fe6173181afceb89e7c659 -> 
  custom:AudioImporter_EditorPlatform: d09bf68614088b80899f8185d706f6e7 -> 
  custom:video-encoder-webm-vp8: eb34c28f22e8b96e1ab97ce403110664 -> 
  custom:audio-decoder-ogg-vorbis: bf7c407c2cedff20999df2af8eb42d56 -> 
  custom:audio-encoder-webm-vorbis: bf7c407c2cedff20999df2af8eb42d56 -> 
========================================================================
Received Prepare
Begin MonoManager ReloadAssembly
Symbol file LoadedFromMemory is not a mono symbol file
- Loaded All Assemblies, in  0.302 seconds
Refreshing native plugins compatible for Editor in 6.10 ms, found 3 plugins.
Native extension for WindowsStandalone target not found
Native extension for Android target not found
[Package Manager] Server::EnsureServerProcessIsRunning -- launch failed, reason: Unity was launched with the -noUpm command-line argument
[Package Manager] UpmClient::Send -- Unable to send message (not connected to UPM process).
[Package Manager] Cannot connect to Unity Package Manager local server
Mono: successfully reloaded assembly
- Finished resetting the current domain, in  0.834 seconds
Domain Reload Profiling: 1132ms
	BeginReloadAssembly (103ms)
		ExecutionOrderSort (0ms)
		DisableScriptedObjects (3ms)
		BackupInstance (0ms)
		ReleaseScriptingObjects (0ms)
		CreateAndSetChildDomain (30ms)
	RebuildCommonClasses (17ms)
	RebuildNativeTypeToScriptingClass (6ms)
	initialDomainReloadingComplete (17ms)
	LoadAllAssembliesAndSetupDomain (155ms)
		LoadAssemblies (190ms)
		RebuildTransferFunctionScriptingTraits (0ms)
		AnalyzeDomain (10ms)
			TypeCache.Refresh (4ms)
				TypeCache.ScanAssembly (0ms)
			ScanForSourceGeneratedMonoScriptInfo (0ms)
			ResolveRequiredComponents (5ms)
	FinalizeReload (834ms)
		ReleaseScriptCaches (0ms)
		RebuildScriptCaches (0ms)
		SetupLoadedEditorAssemblies (426ms)
			LogAssemblyErrors (0ms)
			InitializePlatformSupportModulesInManaged (17ms)
			SetLoadedEditorAssemblies (2ms)
			RefreshPlugins (0ms)
			BeforeProcessingInitializeOnLoad (59ms)
			ProcessInitializeOnLoadAttributes (225ms)
			ProcessInitializeOnLoadMethodAttributes (118ms)
			AfterProcessingInitializeOnLoad (4ms)
			EditorAssembliesLoaded (0ms)
		ExecutionOrderSort2 (0ms)
		AwakeInstancesAfterBackupRestoration (4ms)
Refreshing native plugins compatible for Editor in 8.04 ms, found 3 plugins.
Preloading 0 native plugins for Editor in 0.00 ms.
Unloading 5192 Unused Serialized files (Serialized files now loaded: 0)
Unloading 90 unused Assets / (2.1 MB). Loaded Objects now: 5838.
Memory consumption went from 186.0 MB to 184.0 MB.
Total: 7.431100 ms (FindLiveObjects: 0.397300 ms CreateObjectMapping: 0.184000 ms MarkObjects: 6.075400 ms  DeleteObjects: 0.773400 ms)

Prepare: number of updated asset objects reloaded= 0
AssetImportParameters requested are different than current active one (requested -> active):
  custom:container-demuxer-ogg: 62fdf1f143b41e24485cea50d1cbac27 -> 
  custom:video-codec-MediaFoundation-h265: 746d11721c4dcdbdad8f713fa42b33f4 -> 
  custom:video-decoder-ogg-theora: a1e56fd34408186e4bbccfd4996cb3dc -> 
  custom:framework-win-MediaFoundation: 216162199b28c13a410421893ffa2e32 -> 
  custom:CustomObjectIndexerAttribute: a3ef5dd2817f97addfee359851a9dba5 -> 
  custom:container-demuxer-webm: 4f35f7cbe854078d1ac9338744f61a02 -> 
  custom:container-muxer-webm: aa71ff27fc2769a1b78a27578f13a17b -> 
  custom:video-decoder-webm-vp8: 9c59270c3fd7afecdb556c50c9e8de78 -> 
  custom:SearchIndexIgnoredProperties: e643bd26f0fe6173181afceb89e7c659 -> 
  custom:AudioImporter_EditorPlatform: d09bf68614088b80899f8185d706f6e7 -> 
  custom:video-encoder-webm-vp8: eb34c28f22e8b96e1ab97ce403110664 -> 
  custom:audio-decoder-ogg-vorbis: bf7c407c2cedff20999df2af8eb42d56 -> 
  custom:audio-encoder-webm-vorbis: bf7c407c2cedff20999df2af8eb42d56 -> 
