Using pre-set license
Built from '2022.3/staging' branch; Version is '2022.3.8f1 (b5eafc012955) revision 11922172'; Using compiler version '192829333'; Build Type 'Release'
OS: 'Windows 11  (10.0.22621) 64bit CoreSingleLanguage' Language: 'es' Physical Memory: 64662 MB
BatchMode: 1, IsHumanControllingUs: 0, StartBugReporterOnCrash: 0, Is64bit: 1, IsPro: 1

COMMAND LINE ARGUMENTS:
C:\Program Files\Unity\Hub\Editor\2022.3.8f1\Editor\Unity.exe
-adb2
-batchMode
-noUpm
-name
AssetImportWorker6
-projectPath
C:/Users/anima/OneDrive/Documentos/GitHub_AbrilParraGómez/Parra_Videojuegos/Parra_Videojuegos
-logFile
Logs/AssetImportWorker6.log
-srvPort
64655
Successfully changed project path to: C:/Users/anima/OneDrive/Documentos/GitHub_AbrilParraGómez/Parra_Videojuegos/Parra_Videojuegos
C:/Users/anima/OneDrive/Documentos/GitHub_AbrilParraGómez/Parra_Videojuegos/Parra_Videojuegos
[UnityMemory] Configuration Parameters - Can be set up in boot.config
    "memorysetup-bucket-allocator-granularity=16"
    "memorysetup-bucket-allocator-bucket-count=8"
    "memorysetup-bucket-allocator-block-size=33554432"
    "memorysetup-bucket-allocator-block-count=8"
    "memorysetup-main-allocator-block-size=16777216"
    "memorysetup-thread-allocator-block-size=16777216"
    "memorysetup-gfx-main-allocator-block-size=16777216"
    "memorysetup-gfx-thread-allocator-block-size=16777216"
    "memorysetup-cache-allocator-block-size=4194304"
    "memorysetup-typetree-allocator-block-size=2097152"
    "memorysetup-profiler-bucket-allocator-granularity=16"
    "memorysetup-profiler-bucket-allocator-bucket-count=8"
    "memorysetup-profiler-bucket-allocator-block-size=33554432"
    "memorysetup-profiler-bucket-allocator-block-count=8"
    "memorysetup-profiler-allocator-block-size=16777216"
    "memorysetup-profiler-editor-allocator-block-size=1048576"
    "memorysetup-temp-allocator-size-main=16777216"
    "memorysetup-job-temp-allocator-block-size=2097152"
    "memorysetup-job-temp-allocator-block-size-background=1048576"
    "memorysetup-job-temp-allocator-reduction-small-platforms=262144"
    "memorysetup-allocator-temp-initial-block-size-main=262144"
    "memorysetup-allocator-temp-initial-block-size-worker=262144"
    "memorysetup-temp-allocator-size-background-worker=32768"
    "memorysetup-temp-allocator-size-job-worker=262144"
    "memorysetup-temp-allocator-size-preload-manager=33554432"
    "memorysetup-temp-allocator-size-nav-mesh-worker=65536"
    "memorysetup-temp-allocator-size-audio-worker=65536"
    "memorysetup-temp-allocator-size-cloud-worker=32768"
    "memorysetup-temp-allocator-size-gi-baking-worker=262144"
    "memorysetup-temp-allocator-size-gfx=262144"
Player connection [32000] Host "[IP] 192.168.5.231 [Port] 0 [Flags] 2 [Guid] 2705979732 [EditorId] 2705979732 [Version] 1048832 [Id] WindowsEditor(7,Anime-04) [Debug] 1 [PackageName] WindowsEditor [ProjectName] Editor" joined multi-casting on [225.0.0.222:54997]...

Player connection [32000] Host "[IP] 192.168.5.231 [Port] 0 [Flags] 2 [Guid] 2705979732 [EditorId] 2705979732 [Version] 1048832 [Id] WindowsEditor(7,Anime-04) [Debug] 1 [PackageName] WindowsEditor [ProjectName] Editor" joined alternative multi-casting on [225.0.0.222:34997]...

[Physics::Module] Initialized MultithreadedJobDispatcher with 31 workers.
Refreshing native plugins compatible for Editor in 8.45 ms, found 3 plugins.
Preloading 0 native plugins for Editor in 0.00 ms.
Initialize engine version: 2022.3.8f1 (b5eafc012955)
[Subsystems] Discovering subsystems at path C:/Program Files/Unity/Hub/Editor/2022.3.8f1/Editor/Data/Resources/UnitySubsystems
[Subsystems] Discovering subsystems at path C:/Users/anima/OneDrive/Documentos/GitHub_AbrilParraGómez/Parra_Videojuegos/Parra_Videojuegos/Assets
GfxDevice: creating device client; threaded=0; jobified=0
Direct3D:
    Version:  Direct3D 11.0 [level 11.1]
    Renderer: NVIDIA GeForce RTX 3090 (ID=0x2204)
    Vendor:   NVIDIA
    VRAM:     24340 MB
    Driver:   31.0.15.2647
Initialize mono
Mono path[0] = 'C:/Program Files/Unity/Hub/Editor/2022.3.8f1/Editor/Data/Managed'
Mono path[1] = 'C:/Program Files/Unity/Hub/Editor/2022.3.8f1/Editor/Data/MonoBleedingEdge/lib/mono/unityjit-win32'
Mono config path = 'C:/Program Files/Unity/Hub/Editor/2022.3.8f1/Editor/Data/MonoBleedingEdge/etc'
Using monoOptions --debugger-agent=transport=dt_socket,embedding=1,server=y,suspend=n,address=127.0.0.1:56096
Begin MonoManager ReloadAssembly
Registering precompiled unity dll's ...
Register platform support module: C:/Program Files/Unity/Hub/Editor/2022.3.8f1/Editor/Data/PlaybackEngines/AndroidPlayer/UnityEditor.Android.Extensions.dll
Register platform support module: C:/Program Files/Unity/Hub/Editor/2022.3.8f1/Editor/Data/PlaybackEngines/WindowsStandaloneSupport/UnityEditor.WindowsStandalone.Extensions.dll
Registered in 0.003978 seconds.
- Loaded All Assemblies, in  0.199 seconds
Native extension for WindowsStandalone target not found
Native extension for Android target not found
Android Extension - Scanning For ADB Devices 199 ms
Mono: successfully reloaded assembly
- Finished resetting the current domain, in  0.360 seconds
Domain Reload Profiling: 558ms
	BeginReloadAssembly (64ms)
		ExecutionOrderSort (0ms)
		DisableScriptedObjects (0ms)
		BackupInstance (0ms)
		ReleaseScriptingObjects (0ms)
		CreateAndSetChildDomain (1ms)
	RebuildCommonClasses (18ms)
	RebuildNativeTypeToScriptingClass (6ms)
	initialDomainReloadingComplete (32ms)
	LoadAllAssembliesAndSetupDomain (78ms)
		LoadAssemblies (63ms)
		RebuildTransferFunctionScriptingTraits (0ms)
		AnalyzeDomain (76ms)
			TypeCache.Refresh (75ms)
				TypeCache.ScanAssembly (67ms)
			ScanForSourceGeneratedMonoScriptInfo (0ms)
			ResolveRequiredComponents (0ms)
	FinalizeReload (361ms)
		ReleaseScriptCaches (0ms)
		RebuildScriptCaches (0ms)
		SetupLoadedEditorAssemblies (331ms)
			LogAssemblyErrors (0ms)
			InitializePlatformSupportModulesInManaged (256ms)
			SetLoadedEditorAssemblies (2ms)
			RefreshPlugins (0ms)
			BeforeProcessingInitializeOnLoad (1ms)
			ProcessInitializeOnLoadAttributes (49ms)
			ProcessInitializeOnLoadMethodAttributes (23ms)
			AfterProcessingInitializeOnLoad (0ms)
			EditorAssembliesLoaded (0ms)
		ExecutionOrderSort2 (0ms)
		AwakeInstancesAfterBackupRestoration (0ms)
========================================================================
Worker process is ready to serve import requests
Begin MonoManager ReloadAssembly
Symbol file LoadedFromMemory is not a mono symbol file
- Loaded All Assemblies, in  0.408 seconds
Refreshing native plugins compatible for Editor in 5.10 ms, found 3 plugins.
Native extension for WindowsStandalone target not found
Native extension for Android target not found
Package Manager log level set to [2]
[Package Manager] Server::EnsureServerProcessIsRunning -- launch failed, reason: Unity was launched with the -noUpm command-line argument
[Package Manager] UpmClient::Send -- Unable to send message (not connected to UPM process).
[Package Manager] Cannot connect to Unity Package Manager local server
Mono: successfully reloaded assembly
- Finished resetting the current domain, in  0.460 seconds
Domain Reload Profiling: 866ms
	BeginReloadAssembly (86ms)
		ExecutionOrderSort (0ms)
		DisableScriptedObjects (3ms)
		BackupInstance (0ms)
		ReleaseScriptingObjects (0ms)
		CreateAndSetChildDomain (15ms)
	RebuildCommonClasses (17ms)
	RebuildNativeTypeToScriptingClass (6ms)
	initialDomainReloadingComplete (23ms)
	LoadAllAssembliesAndSetupDomain (274ms)
		LoadAssemblies (216ms)
		RebuildTransferFunctionScriptingTraits (0ms)
		AnalyzeDomain (109ms)
			TypeCache.Refresh (87ms)
				TypeCache.ScanAssembly (75ms)
			ScanForSourceGeneratedMonoScriptInfo (16ms)
			ResolveRequiredComponents (4ms)
	FinalizeReload (460ms)
		ReleaseScriptCaches (0ms)
		RebuildScriptCaches (0ms)
		SetupLoadedEditorAssemblies (375ms)
			LogAssemblyErrors (0ms)
			InitializePlatformSupportModulesInManaged (13ms)
			SetLoadedEditorAssemblies (2ms)
			RefreshPlugins (0ms)
			BeforeProcessingInitializeOnLoad (49ms)
			ProcessInitializeOnLoadAttributes (198ms)
			ProcessInitializeOnLoadMethodAttributes (110ms)
			AfterProcessingInitializeOnLoad (4ms)
			EditorAssembliesLoaded (0ms)
		ExecutionOrderSort2 (0ms)
		AwakeInstancesAfterBackupRestoration (4ms)
Launched and connected shader compiler UnityShaderCompiler.exe after 0.03 seconds
Refreshing native plugins compatible for Editor in 4.69 ms, found 3 plugins.
Preloading 0 native plugins for Editor in 0.00 ms.
Unloading 5346 Unused Serialized files (Serialized files now loaded: 0)
Unloading 130 unused Assets / (2.1 MB). Loaded Objects now: 5780.
Memory consumption went from 221.7 MB to 219.5 MB.
Total: 6.236700 ms (FindLiveObjects: 0.420100 ms CreateObjectMapping: 0.133900 ms MarkObjects: 5.167900 ms  DeleteObjects: 0.514100 ms)

AssetImportParameters requested are different than current active one (requested -> active):
  custom:container-demuxer-ogg: 62fdf1f143b41e24485cea50d1cbac27 -> 
  custom:video-codec-MediaFoundation-h265: 746d11721c4dcdbdad8f713fa42b33f4 -> 
  custom:video-decoder-ogg-theora: a1e56fd34408186e4bbccfd4996cb3dc -> 
  custom:framework-win-MediaFoundation: 216162199b28c13a410421893ffa2e32 -> 
  custom:CustomObjectIndexerAttribute: a3ef5dd2817f97addfee359851a9dba5 -> 
  custom:container-demuxer-webm: 4f35f7cbe854078d1ac9338744f61a02 -> 
  custom:container-muxer-webm: aa71ff27fc2769a1b78a27578f13a17b -> 
  custom:video-decoder-webm-vp8: 9c59270c3fd7afecdb556c50c9e8de78 -> 
  custom:SearchIndexIgnoredProperties: e643bd26f0fe6173181afceb89e7c659 -> 
  custom:AudioImporter_EditorPlatform: d09bf68614088b80899f8185d706f6e7 -> 
  custom:video-encoder-webm-vp8: eb34c28f22e8b96e1ab97ce403110664 -> 
  custom:audio-decoder-ogg-vorbis: bf7c407c2cedff20999df2af8eb42d56 -> 
  custom:audio-encoder-webm-vorbis: bf7c407c2cedff20999df2af8eb42d56 -> 
========================================================================
Received Import Request.
  Time since last request: 179927.562445 seconds.
  path: Assets/_Project/Art/Modelos/ParticulasfUego/Flames0027_1_350.jpg
  artifactKey: Guid(c39b7e8cd1823b54c9486f1a6c495a4a) Importer(815301076,1909f56bfc062723c751e8b465ee728b)
Start importing Assets/_Project/Art/Modelos/ParticulasfUego/Flames0027_1_350.jpg using Guid(c39b7e8cd1823b54c9486f1a6c495a4a) Importer(815301076,1909f56bfc062723c751e8b465ee728b)  -> (artifact id: '0b9e1c636fd83e700c6d8f2bf17b4a17') in 0.036552 seconds
Number of updated asset objects reloaded before import = 0
Number of asset objects unloaded after import = 2
========================================================================
Received Import Request.
  Time since last request: 5.193387 seconds.
  path: Assets/_Project/Art/Modelos/Prop_Caja/Caja_Texturas/1001_Height.png
  artifactKey: Guid(f868ce4be86f561498905cd8539fb79f) Importer(815301076,1909f56bfc062723c751e8b465ee728b)
Start importing Assets/_Project/Art/Modelos/Prop_Caja/Caja_Texturas/1001_Height.png using Guid(f868ce4be86f561498905cd8539fb79f) Importer(815301076,1909f56bfc062723c751e8b465ee728b)  -> (artifact id: '105c83f3d5282bdf63e440a1ce4e7027') in 0.014127 seconds
Number of updated asset objects reloaded before import = 0
Number of asset objects unloaded after import = 2
========================================================================
Received Import Request.
  Time since last request: 0.116853 seconds.
  path: Assets/_Project/Art/Modelos/Prop_Torreta01/Torrete_Textura/1001_Metallic.png
  artifactKey: Guid(f7ea64b0407c33a4e9ac21be18995a32) Importer(815301076,1909f56bfc062723c751e8b465ee728b)
Start importing Assets/_Project/Art/Modelos/Prop_Torreta01/Torrete_Textura/1001_Metallic.png using Guid(f7ea64b0407c33a4e9ac21be18995a32) Importer(815301076,1909f56bfc062723c751e8b465ee728b)  -> (artifact id: '7690bfc39399f85887652c098102eae6') in 0.008388 seconds
Number of updated asset objects reloaded before import = 0
Number of asset objects unloaded after import = 2
========================================================================
Received Import Request.
  Time since last request: 0.443536 seconds.
  path: Assets/_Project/Art/Modelos/Prop_Caja/Caja_Texturas/1001_Metallic.png
  artifactKey: Guid(16b05b0c2d729124eaff02537cf80e5b) Importer(815301076,1909f56bfc062723c751e8b465ee728b)
Start importing Assets/_Project/Art/Modelos/Prop_Caja/Caja_Texturas/1001_Metallic.png using Guid(16b05b0c2d729124eaff02537cf80e5b) Importer(815301076,1909f56bfc062723c751e8b465ee728b)  -> (artifact id: '0c5261691123e755bce39fd5cb56d170') in 0.008490 seconds
Number of updated asset objects reloaded before import = 0
Number of asset objects unloaded after import = 2
========================================================================
Received Import Request.
  Time since last request: 0.090978 seconds.
  path: Assets/_Project/Art/Modelos/Prop_Torreta02/Torreta02_Textura/1001_Normal.png
  artifactKey: Guid(9d63cb802ce37af448cd6d3fa0a9d41e) Importer(815301076,1909f56bfc062723c751e8b465ee728b)
Start importing Assets/_Project/Art/Modelos/Prop_Torreta02/Torreta02_Textura/1001_Normal.png using Guid(9d63cb802ce37af448cd6d3fa0a9d41e) Importer(815301076,1909f56bfc062723c751e8b465ee728b)  -> (artifact id: '8e26abc22f779d9204dce3ecd3b4a158') in 0.014183 seconds
Number of updated asset objects reloaded before import = 0
Number of asset objects unloaded after import = 2
========================================================================
Received Import Request.
  Time since last request: 0.116539 seconds.
  path: Assets/_Project/Art/Modelos/TorreDeDefensa/Torre_Texturas/1001_Normal.png
  artifactKey: Guid(b850fd4541d11f14bb1cbca717f1b9b3) Importer(815301076,1909f56bfc062723c751e8b465ee728b)
Start importing Assets/_Project/Art/Modelos/TorreDeDefensa/Torre_Texturas/1001_Normal.png using Guid(b850fd4541d11f14bb1cbca717f1b9b3) Importer(815301076,1909f56bfc062723c751e8b465ee728b)  -> (artifact id: '29af6918a9fcbcaf72cf1698f1f24247') in 0.009995 seconds
Number of updated asset objects reloaded before import = 0
Number of asset objects unloaded after import = 2
========================================================================
Received Import Request.
  Time since last request: 0.410297 seconds.
  path: Assets/_Project/Art/Modelos/Torre P/texturas/1001_Normal_DirectX.png
  artifactKey: Guid(9e88122906d843441ac254c8b801b423) Importer(815301076,1909f56bfc062723c751e8b465ee728b)
Start importing Assets/_Project/Art/Modelos/Torre P/texturas/1001_Normal_DirectX.png using Guid(9e88122906d843441ac254c8b801b423) Importer(815301076,1909f56bfc062723c751e8b465ee728b)  -> (artifact id: 'ef70ad7863c9a84186c7a9b7d2430ec9') in 0.010919 seconds
Number of updated asset objects reloaded before import = 0
Number of asset objects unloaded after import = 2
========================================================================
Received Import Request.
  Time since last request: 0.025584 seconds.
  path: Assets/_Project/Art/Modelos/TorreDeDefensa/Torre_Texturas/1002_Base_color.png
  artifactKey: Guid(afb145150cf50fa41a0e9e03155bf226) Importer(815301076,1909f56bfc062723c751e8b465ee728b)
Start importing Assets/_Project/Art/Modelos/TorreDeDefensa/Torre_Texturas/1002_Base_color.png using Guid(afb145150cf50fa41a0e9e03155bf226) Importer(815301076,1909f56bfc062723c751e8b465ee728b)  -> (artifact id: '28f0a1fd2c69c221aa2ac4f019a2791e') in 0.008635 seconds
Number of updated asset objects reloaded before import = 0
Number of asset objects unloaded after import = 2
========================================================================
Received Import Request.
  Time since last request: 0.025718 seconds.
  path: Assets/_Project/Art/Modelos/Prop_Torreta02/Torreta02_Textura/1002_Height.png
  artifactKey: Guid(2c5a519d287923b4bbc1309b6aa97b3d) Importer(815301076,1909f56bfc062723c751e8b465ee728b)
Start importing Assets/_Project/Art/Modelos/Prop_Torreta02/Torreta02_Textura/1002_Height.png using Guid(2c5a519d287923b4bbc1309b6aa97b3d) Importer(815301076,1909f56bfc062723c751e8b465ee728b)  -> (artifact id: 'cff263e0f577a797909459e087bdc77a') in 0.010491 seconds
Number of updated asset objects reloaded before import = 0
Number of asset objects unloaded after import = 2
========================================================================
Received Import Request.
  Time since last request: 0.023278 seconds.
  path: Assets/_Project/Art/Modelos/TorreDeDefensa/Torre_Texturas/1002_Height.png
  artifactKey: Guid(c0f9fd24bf0ba0144a8b74f123401b62) Importer(815301076,1909f56bfc062723c751e8b465ee728b)
Start importing Assets/_Project/Art/Modelos/TorreDeDefensa/Torre_Texturas/1002_Height.png using Guid(c0f9fd24bf0ba0144a8b74f123401b62) Importer(815301076,1909f56bfc062723c751e8b465ee728b)  -> (artifact id: 'b325c806ddfe028a7549aa77dbea041f') in 0.010333 seconds
Number of updated asset objects reloaded before import = 0
Number of asset objects unloaded after import = 2
========================================================================
Received Import Request.
  Time since last request: 1.591221 seconds.
  path: Assets/_Project/Art/Modelos/TorreDeDefensa/Torre_Texturas/1002_Metallic.png
  artifactKey: Guid(c36e713e3a87bc94298306e7c77725c1) Importer(815301076,1909f56bfc062723c751e8b465ee728b)
Start importing Assets/_Project/Art/Modelos/TorreDeDefensa/Torre_Texturas/1002_Metallic.png using Guid(c36e713e3a87bc94298306e7c77725c1) Importer(815301076,1909f56bfc062723c751e8b465ee728b)  -> (artifact id: '3ec658d9f2bc38ba9cfd7e0123eb14a3') in 0.007348 seconds
Number of updated asset objects reloaded before import = 0
Number of asset objects unloaded after import = 2
========================================================================
Received Import Request.
  Time since last request: 0.587014 seconds.
  path: Assets/_Project/Art/Modelos/Prop_Torreta01/Torrete_Textura/1002_Normal.png
  artifactKey: Guid(015738c8771520e4fb0f2486b7597a8e) Importer(815301076,1909f56bfc062723c751e8b465ee728b)
Start importing Assets/_Project/Art/Modelos/Prop_Torreta01/Torrete_Textura/1002_Normal.png using Guid(015738c8771520e4fb0f2486b7597a8e) Importer(815301076,1909f56bfc062723c751e8b465ee728b)  -> (artifact id: '40941bcd4df9f64924bb4ef5146acda2') in 0.009646 seconds
Number of updated asset objects reloaded before import = 0
Number of asset objects unloaded after import = 2
========================================================================
Received Import Request.
  Time since last request: 0.025697 seconds.
  path: Assets/_Project/Art/Modelos/Prop_Torreta02/Torreta02_Textura/1002_Normal.png
  artifactKey: Guid(d044f4d3f7d96044c919effddc7b9d13) Importer(815301076,1909f56bfc062723c751e8b465ee728b)
Start importing Assets/_Project/Art/Modelos/Prop_Torreta02/Torreta02_Textura/1002_Normal.png using Guid(d044f4d3f7d96044c919effddc7b9d13) Importer(815301076,1909f56bfc062723c751e8b465ee728b)  -> (artifact id: 'debf05b09f8aa92bd4b0574ac3130849') in 0.007596 seconds
Number of updated asset objects reloaded before import = 0
Number of asset objects unloaded after import = 2
========================================================================
Received Import Request.
  Time since last request: 0.108122 seconds.
  path: Assets/_Project/Art/Modelos/TorreDeDefensa/Torre_Texturas/1003_Height.png
  artifactKey: Guid(2df45ad9dd89e714a8da7936bf8f02f7) Importer(815301076,1909f56bfc062723c751e8b465ee728b)
Start importing Assets/_Project/Art/Modelos/TorreDeDefensa/Torre_Texturas/1003_Height.png using Guid(2df45ad9dd89e714a8da7936bf8f02f7) Importer(815301076,1909f56bfc062723c751e8b465ee728b)  -> (artifact id: 'a80e17ab96f8d6500d77c44c15408ed7') in 0.007480 seconds
Number of updated asset objects reloaded before import = 0
Number of asset objects unloaded after import = 2
========================================================================
Received Import Request.
  Time since last request: 0.372865 seconds.
  path: Assets/_Project/Art/Modelos/TorreDeDefensa/Torre_Texturas/1003_Normal.png
  artifactKey: Guid(e119a335b6f86914da083ec2f0dc5aa2) Importer(815301076,1909f56bfc062723c751e8b465ee728b)
Start importing Assets/_Project/Art/Modelos/TorreDeDefensa/Torre_Texturas/1003_Normal.png using Guid(e119a335b6f86914da083ec2f0dc5aa2) Importer(815301076,1909f56bfc062723c751e8b465ee728b)  -> (artifact id: 'bb7b89252184fd62cd1d573ca1a42d65') in 0.008740 seconds
Number of updated asset objects reloaded before import = 0
Number of asset objects unloaded after import = 2
========================================================================
Received Import Request.
  Time since last request: 0.027442 seconds.
  path: Assets/_Project/Art/Modelos/Prop_Piso/Abril Parra Gómez_Piedra Concept 1.png
  artifactKey: Guid(06e71d71b99c59f4880d97e220323ec9) Importer(815301076,1909f56bfc062723c751e8b465ee728b)
Start importing Assets/_Project/Art/Modelos/Prop_Piso/Abril Parra Gómez_Piedra Concept 1.png using Guid(06e71d71b99c59f4880d97e220323ec9) Importer(815301076,1909f56bfc062723c751e8b465ee728b)  -> (artifact id: 'd824e1a149ef76a34ae40cccc171e0ae') in 0.007742 seconds
Number of updated asset objects reloaded before import = 0
Number of asset objects unloaded after import = 2
========================================================================
Received Import Request.
  Time since last request: 0.012319 seconds.
  path: Assets/TextMesh Pro/Examples & Extras/Resources/Fonts & Materials/Anton SDF.asset
  artifactKey: Guid(8a89fa14b10d46a99122fd4f73fca9a2) Importer(815301076,1909f56bfc062723c751e8b465ee728b)
Start importing Assets/TextMesh Pro/Examples & Extras/Resources/Fonts & Materials/Anton SDF.asset using Guid(8a89fa14b10d46a99122fd4f73fca9a2) Importer(815301076,1909f56bfc062723c751e8b465ee728b)  -> (artifact id: '4b17c8d6c4f33cb0bdb0a7ae5649c90d') in 0.026767 seconds
Number of updated asset objects reloaded before import = 0
Number of asset objects unloaded after import = 6
========================================================================
Received Import Request.
  Time since last request: 0.297148 seconds.
  path: Assets/TextMesh Pro/Examples & Extras/Textures/Brushed Metal 3.jpg
  artifactKey: Guid(f88677df267a41d6be1e7a6133e7d227) Importer(815301076,1909f56bfc062723c751e8b465ee728b)
Start importing Assets/TextMesh Pro/Examples & Extras/Textures/Brushed Metal 3.jpg using Guid(f88677df267a41d6be1e7a6133e7d227) Importer(815301076,1909f56bfc062723c751e8b465ee728b)  -> (artifact id: '6c7509d0b1b866eb79895f8760e478ac') in 0.006415 seconds
Number of updated asset objects reloaded before import = 0
Number of asset objects unloaded after import = 2
========================================================================
Received Import Request.
  Time since last request: 0.009476 seconds.
  path: Assets/_Project/Art/Modelos/Prop_Torreta02/c.jpeg
  artifactKey: Guid(1d193fa2342831c42ac686dff157db94) Importer(815301076,1909f56bfc062723c751e8b465ee728b)
Start importing Assets/_Project/Art/Modelos/Prop_Torreta02/c.jpeg using Guid(1d193fa2342831c42ac686dff157db94) Importer(815301076,1909f56bfc062723c751e8b465ee728b)  -> (artifact id: 'df55ca92305611b2798d046e181d65ef') in 0.007221 seconds
Number of updated asset objects reloaded before import = 0
Number of asset objects unloaded after import = 2
========================================================================
Received Import Request.
  Time since last request: 0.008674 seconds.
  path: Assets/TextMesh Pro/Examples & Extras/Sprites/DropCap Numbers.psd
  artifactKey: Guid(fd09957580ac4326916010f1f260975b) Importer(815301076,1909f56bfc062723c751e8b465ee728b)
Start importing Assets/TextMesh Pro/Examples & Extras/Sprites/DropCap Numbers.psd using Guid(fd09957580ac4326916010f1f260975b) Importer(815301076,1909f56bfc062723c751e8b465ee728b)  -> (artifact id: '63c3714d09a82d8d1ab07516bf5e1e4c') in 0.008364 seconds
Number of updated asset objects reloaded before import = 0
Number of asset objects unloaded after import = 2
========================================================================
Received Import Request.
  Time since last request: 0.331825 seconds.
  path: Assets/TextMesh Pro/Examples & Extras/Textures/Floor Tiles 1 - diffuse.jpg
  artifactKey: Guid(85ac55597b97403c82fc6601a93cf241) Importer(815301076,1909f56bfc062723c751e8b465ee728b)
Start importing Assets/TextMesh Pro/Examples & Extras/Textures/Floor Tiles 1 - diffuse.jpg using Guid(85ac55597b97403c82fc6601a93cf241) Importer(815301076,1909f56bfc062723c751e8b465ee728b)  -> (artifact id: '50df7d0e325d639945f88b3b7fb5d5bc') in 0.008009 seconds
Number of updated asset objects reloaded before import = 0
Number of asset objects unloaded after import = 2
========================================================================
Received Import Request.
  Time since last request: 0.015791 seconds.
  path: Assets/TextMesh Pro/Examples & Extras/Fonts/Oswald-Bold.ttf
  artifactKey: Guid(c9f6d0e7bc8541498c9a4799ba184ede) Importer(815301076,1909f56bfc062723c751e8b465ee728b)
Start importing Assets/TextMesh Pro/Examples & Extras/Fonts/Oswald-Bold.ttf using Guid(c9f6d0e7bc8541498c9a4799ba184ede) Importer(815301076,1909f56bfc062723c751e8b465ee728b)  -> (artifact id: 'ad0f5fb7ce287f3943c453a0870f16d0') in 0.007232 seconds
Number of updated asset objects reloaded before import = 0
Number of asset objects unloaded after import = 4
========================================================================
Received Import Request.
  Time since last request: 0.137195 seconds.
  path: Assets/TextMesh Pro/Examples & Extras/Fonts/Anton.ttf
  artifactKey: Guid(997a43b767814dd0a7642ec9b78cba41) Importer(815301076,1909f56bfc062723c751e8b465ee728b)
Start importing Assets/TextMesh Pro/Examples & Extras/Fonts/Anton.ttf using Guid(997a43b767814dd0a7642ec9b78cba41) Importer(815301076,1909f56bfc062723c751e8b465ee728b)  -> (artifact id: 'd07c1fec7e1ba8f56ab9eb3c6ff450ce') in 0.006371 seconds
Number of updated asset objects reloaded before import = 0
Number of asset objects unloaded after import = 4
========================================================================
Received Import Request.
  Time since last request: 147.948710 seconds.
  path: Assets/_Project/Art/Modelos/ParticulasfUego/fuego nuevo bn.png
  artifactKey: Guid(d0b4aa6e341dbd14a8825f3dfa0ec360) Importer(815301076,1909f56bfc062723c751e8b465ee728b)
Start importing Assets/_Project/Art/Modelos/ParticulasfUego/fuego nuevo bn.png using Guid(d0b4aa6e341dbd14a8825f3dfa0ec360) Importer(815301076,1909f56bfc062723c751e8b465ee728b)  -> (artifact id: 'e53ec2c0c8e36038e4f5a7a046a364b6') in 0.018240 seconds
Number of updated asset objects reloaded before import = 0
Number of asset objects unloaded after import = 2
========================================================================
Received Import Request.
  Time since last request: 25.265951 seconds.
  path: Assets/TextMesh Pro/Examples & Extras/Textures/Gradient Vertical (Color).jpg
  artifactKey: Guid(03d0538de6e24c0f819bfc9ce084dfa9) Importer(815301076,1909f56bfc062723c751e8b465ee728b)
Start importing Assets/TextMesh Pro/Examples & Extras/Textures/Gradient Vertical (Color).jpg using Guid(03d0538de6e24c0f819bfc9ce084dfa9) Importer(815301076,1909f56bfc062723c751e8b465ee728b)  -> (artifact id: '60f6ae53e8eb1c1492e1f5bb9e3d6b35') in 0.006502 seconds
Number of updated asset objects reloaded before import = 0
Number of asset objects unloaded after import = 2
========================================================================
Received Import Request.
  Time since last request: 0.047760 seconds.
  path: Assets/_Project/Art/Modelos/Prop_Piso/Piso_Textura/lambert1_Base_color_1001.png
  artifactKey: Guid(fa71bd20316196b428ef602482565f55) Importer(815301076,1909f56bfc062723c751e8b465ee728b)
Start importing Assets/_Project/Art/Modelos/Prop_Piso/Piso_Textura/lambert1_Base_color_1001.png using Guid(fa71bd20316196b428ef602482565f55) Importer(815301076,1909f56bfc062723c751e8b465ee728b)  -> (artifact id: '6814f278891d582c909d2a6e5af852f9') in 0.007073 seconds
Number of updated asset objects reloaded before import = 0
Number of asset objects unloaded after import = 2
========================================================================
Received Prepare
Begin MonoManager ReloadAssembly
Symbol file LoadedFromMemory is not a mono symbol file
- Loaded All Assemblies, in  0.321 seconds
Refreshing native plugins compatible for Editor in 6.23 ms, found 3 plugins.
Native extension for WindowsStandalone target not found
Native extension for Android target not found
[Package Manager] Server::EnsureServerProcessIsRunning -- launch failed, reason: Unity was launched with the -noUpm command-line argument
[Package Manager] UpmClient::Send -- Unable to send message (not connected to UPM process).
[Package Manager] Cannot connect to Unity Package Manager local server
Mono: successfully reloaded assembly
- Finished resetting the current domain, in  1.378 seconds
Domain Reload Profiling: 1697ms
	BeginReloadAssembly (110ms)
		ExecutionOrderSort (0ms)
		DisableScriptedObjects (3ms)
		BackupInstance (0ms)
		ReleaseScriptingObjects (0ms)
		CreateAndSetChildDomain (36ms)
	RebuildCommonClasses (19ms)
	RebuildNativeTypeToScriptingClass (6ms)
	initialDomainReloadingComplete (17ms)
	LoadAllAssembliesAndSetupDomain (167ms)
		LoadAssemblies (202ms)
		RebuildTransferFunctionScriptingTraits (0ms)
		AnalyzeDomain (10ms)
			TypeCache.Refresh (4ms)
				TypeCache.ScanAssembly (0ms)
			ScanForSourceGeneratedMonoScriptInfo (0ms)
			ResolveRequiredComponents (5ms)
	FinalizeReload (1378ms)
		ReleaseScriptCaches (0ms)
		RebuildScriptCaches (0ms)
		SetupLoadedEditorAssemblies (428ms)
			LogAssemblyErrors (0ms)
			InitializePlatformSupportModulesInManaged (17ms)
			SetLoadedEditorAssemblies (2ms)
			RefreshPlugins (0ms)
			BeforeProcessingInitializeOnLoad (60ms)
			ProcessInitializeOnLoadAttributes (225ms)
			ProcessInitializeOnLoadMethodAttributes (119ms)
			AfterProcessingInitializeOnLoad (5ms)
			EditorAssembliesLoaded (0ms)
		ExecutionOrderSort2 (0ms)
		AwakeInstancesAfterBackupRestoration (4ms)
Refreshing native plugins compatible for Editor in 6.37 ms, found 3 plugins.
Preloading 0 native plugins for Editor in 0.00 ms.
Unloading 5192 Unused Serialized files (Serialized files now loaded: 0)
Unloading 90 unused Assets / (2.1 MB). Loaded Objects now: 5833.
Memory consumption went from 186.2 MB to 184.1 MB.
Total: 6.829100 ms (FindLiveObjects: 0.379900 ms CreateObjectMapping: 0.250500 ms MarkObjects: 5.604500 ms  DeleteObjects: 0.593300 ms)

Prepare: number of updated asset objects reloaded= 0
AssetImportParameters requested are different than current active one (requested -> active):
  custom:container-demuxer-ogg: 62fdf1f143b41e24485cea50d1cbac27 -> 
  custom:video-codec-MediaFoundation-h265: 746d11721c4dcdbdad8f713fa42b33f4 -> 
  custom:video-decoder-ogg-theora: a1e56fd34408186e4bbccfd4996cb3dc -> 
  custom:framework-win-MediaFoundation: 216162199b28c13a410421893ffa2e32 -> 
  custom:CustomObjectIndexerAttribute: a3ef5dd2817f97addfee359851a9dba5 -> 
  custom:container-demuxer-webm: 4f35f7cbe854078d1ac9338744f61a02 -> 
  custom:container-muxer-webm: aa71ff27fc2769a1b78a27578f13a17b -> 
  custom:video-decoder-webm-vp8: 9c59270c3fd7afecdb556c50c9e8de78 -> 
  custom:SearchIndexIgnoredProperties: e643bd26f0fe6173181afceb89e7c659 -> 
  custom:AudioImporter_EditorPlatform: d09bf68614088b80899f8185d706f6e7 -> 
  custom:video-encoder-webm-vp8: eb34c28f22e8b96e1ab97ce403110664 -> 
  custom:audio-decoder-ogg-vorbis: bf7c407c2cedff20999df2af8eb42d56 -> 
  custom:audio-encoder-webm-vorbis: bf7c407c2cedff20999df2af8eb42d56 -> 
========================================================================
Received Prepare
Begin MonoManager ReloadAssembly
Symbol file LoadedFromMemory is not a mono symbol file
- Loaded All Assemblies, in  0.302 seconds
Refreshing native plugins compatible for Editor in 6.08 ms, found 3 plugins.
Native extension for WindowsStandalone target not found
Native extension for Android target not found
[Package Manager] Server::EnsureServerProcessIsRunning -- launch failed, reason: Unity was launched with the -noUpm command-line argument
[Package Manager] UpmClient::Send -- Unable to send message (not connected to UPM process).
[Package Manager] Cannot connect to Unity Package Manager local server
Mono: successfully reloaded assembly
- Finished resetting the current domain, in  0.830 seconds
Domain Reload Profiling: 1129ms
	BeginReloadAssembly (103ms)
		ExecutionOrderSort (0ms)
		DisableScriptedObjects (3ms)
		BackupInstance (0ms)
		ReleaseScriptingObjects (0ms)
		CreateAndSetChildDomain (32ms)
	RebuildCommonClasses (17ms)
	RebuildNativeTypeToScriptingClass (7ms)
	initialDomainReloadingComplete (16ms)
	LoadAllAssembliesAndSetupDomain (156ms)
		LoadAssemblies (190ms)
		RebuildTransferFunctionScriptingTraits (0ms)
		AnalyzeDomain (10ms)
			TypeCache.Refresh (4ms)
				TypeCache.ScanAssembly (0ms)
			ScanForSourceGeneratedMonoScriptInfo (0ms)
			ResolveRequiredComponents (5ms)
	FinalizeReload (830ms)
		ReleaseScriptCaches (0ms)
		RebuildScriptCaches (0ms)
		SetupLoadedEditorAssemblies (420ms)
			LogAssemblyErrors (0ms)
			InitializePlatformSupportModulesInManaged (16ms)
			SetLoadedEditorAssemblies (3ms)
			RefreshPlugins (0ms)
			BeforeProcessingInitializeOnLoad (58ms)
			ProcessInitializeOnLoadAttributes (223ms)
			ProcessInitializeOnLoadMethodAttributes (116ms)
			AfterProcessingInitializeOnLoad (5ms)
			EditorAssembliesLoaded (0ms)
		ExecutionOrderSort2 (0ms)
		AwakeInstancesAfterBackupRestoration (4ms)
Refreshing native plugins compatible for Editor in 9.88 ms, found 3 plugins.
Preloading 0 native plugins for Editor in 0.00 ms.
Unloading 5192 Unused Serialized files (Serialized files now loaded: 0)
Unloading 90 unused Assets / (2.1 MB). Loaded Objects now: 5836.
Memory consumption went from 186.3 MB to 184.2 MB.
Total: 9.085900 ms (FindLiveObjects: 0.663300 ms CreateObjectMapping: 0.499700 ms MarkObjects: 7.085300 ms  DeleteObjects: 0.836800 ms)

Prepare: number of updated asset objects reloaded= 0
AssetImportParameters requested are different than current active one (requested -> active):
  custom:container-demuxer-ogg: 62fdf1f143b41e24485cea50d1cbac27 -> 
  custom:video-codec-MediaFoundation-h265: 746d11721c4dcdbdad8f713fa42b33f4 -> 
  custom:video-decoder-ogg-theora: a1e56fd34408186e4bbccfd4996cb3dc -> 
  custom:framework-win-MediaFoundation: 216162199b28c13a410421893ffa2e32 -> 
  custom:CustomObjectIndexerAttribute: a3ef5dd2817f97addfee359851a9dba5 -> 
  custom:container-demuxer-webm: 4f35f7cbe854078d1ac9338744f61a02 -> 
  custom:container-muxer-webm: aa71ff27fc2769a1b78a27578f13a17b -> 
  custom:video-decoder-webm-vp8: 9c59270c3fd7afecdb556c50c9e8de78 -> 
  custom:SearchIndexIgnoredProperties: e643bd26f0fe6173181afceb89e7c659 -> 
  custom:AudioImporter_EditorPlatform: d09bf68614088b80899f8185d706f6e7 -> 
  custom:video-encoder-webm-vp8: eb34c28f22e8b96e1ab97ce403110664 -> 
  custom:audio-decoder-ogg-vorbis: bf7c407c2cedff20999df2af8eb42d56 -> 
  custom:audio-encoder-webm-vorbis: bf7c407c2cedff20999df2af8eb42d56 -> 
